<?xml version="1.0" encoding="UTF-8"?>
<testsuite xmlns:xsi="http://www.w3.org/2001/XMLSchema-instance" xsi:noNamespaceSchemaLocation="https://maven.apache.org/surefire/maven-surefire-plugin/xsd/surefire-test-report.xsd" name="test.AuthorizationTest" time="347.166" tests="4" errors="0" skipped="0" failures="3">
  <properties>
[...]
</properties>
  <testcase name="successAuth" classname="test.AuthorizationTest" time="110.385">
    <failure message="expected: &lt;РљРѕСЂРѕР»С‘РІР° РћР»СЊРіР°&gt; but was: &lt;Королёва Ольга&gt;" type="org.opentest4j.AssertionFailedError"><![CDATA[org.opentest4j.AssertionFailedError: expected: <РљРѕСЂРѕР»С‘РІР° РћР»СЊРіР°> but was: <Королёва Ольга>
	at test.AuthorizationTest.successAuth(AuthorizationTest.java:23)
]]></failure>
    <system-err><![CDATA[Starting ChromeDriver 96.0.4664.45 (76e4c1bb2ab4671b8beba3444e61c0f17584b2fc-refs/branch-heads/4664@{#947}) on port 64123
Only local connections are allowed.
Please see https://chromedriver.chromium.org/security-considerations for suggestions on keeping ChromeDriver safe.
ChromeDriver was started successfully.
дек. 27, 2021 12:39:18 AM org.openqa.selenium.remote.ProtocolHandshake createSession
INFO: Detected dialect: W3C
дек. 27, 2021 12:39:22 AM org.openqa.selenium.devtools.CdpVersionFinder findNearestMatch
WARNING: Unable to find an exact match for CDP version 96, so returning the closest version found: 95
дек. 27, 2021 12:39:22 AM org.openqa.selenium.devtools.CdpVersionFinder findNearestMatch
INFO: Found CDP implementation for version 96 of 95
]]></system-err>
  </testcase>
  <testcase name="emptyInpyt" classname="test.AuthorizationTest" time="111.656">
    <failure message="expected: &lt;РќРµРІРµСЂРЅС‹Рµ РґР°РЅРЅС‹Рµ РїРѕР»СЊР·РѕРІР°С‚РµР»СЏ (РѕСЃС‚Р°Р»РѕСЃСЊ 2 РїРѕРїС‹С‚РєРё)&gt; but was: &lt;Неверные данные пользователя (осталось 2 попытки)&gt;" type="org.opentest4j.AssertionFailedError"><![CDATA[org.opentest4j.AssertionFailedError: expected: <РќРµРІРµСЂРЅС‹Рµ РґР°РЅРЅС‹Рµ РїРѕР»СЊР·РѕРІР°С‚РµР»СЏ (РѕСЃС‚Р°Р»РѕСЃСЊ 2 РїРѕРїС‹С‚РєРё)> but was: <Неверные данные пользователя (осталось 2 попытки)>
	at test.AuthorizationTest.emptyInpyt(AuthorizationTest.java:43)
]]></failure>
    <system-err><![CDATA[Starting ChromeDriver 96.0.4664.45 (76e4c1bb2ab4671b8beba3444e61c0f17584b2fc-refs/branch-heads/4664@{#947}) on port 64128
Only local connections are allowed.
Please see https://chromedriver.chromium.org/security-considerations for suggestions on keeping ChromeDriver safe.
ChromeDriver was started successfully.
дек. 27, 2021 12:40:51 AM org.openqa.selenium.remote.ProtocolHandshake createSession
INFO: Detected dialect: W3C
дек. 27, 2021 12:40:52 AM org.openqa.selenium.devtools.CdpVersionFinder findNearestMatch
WARNING: Unable to find an exact match for CDP version 96, so returning the closest version found: 95
дек. 27, 2021 12:40:52 AM org.openqa.selenium.devtools.CdpVersionFinder findNearestMatch
INFO: Found CDP implementation for version 96 of 95
]]></system-err>
  </testcase>
  <testcase name="wrongPassword" classname="test.AuthorizationTest" time="43.853">
    <failure message="expected: &lt;РќРµРІРµСЂРЅС‹Рµ РґР°РЅРЅС‹Рµ РїРѕР»СЊР·РѕРІР°С‚РµР»СЏ (РѕСЃС‚Р°Р»РѕСЃСЊ 2 РїРѕРїС‹С‚РєРё)&gt; but was: &lt;Неверные данные пользователя (осталось 2 попытки)&gt;" type="org.opentest4j.AssertionFailedError"><![CDATA[org.opentest4j.AssertionFailedError: expected: <РќРµРІРµСЂРЅС‹Рµ РґР°РЅРЅС‹Рµ РїРѕР»СЊР·РѕРІР°С‚РµР»СЏ (РѕСЃС‚Р°Р»РѕСЃСЊ 2 РїРѕРїС‹С‚РєРё)> but was: <Неверные данные пользователя (осталось 2 попытки)>
	at test.AuthorizationTest.wrongPassword(AuthorizationTest.java:34)
]]></failure>
    <system-err><![CDATA[Starting ChromeDriver 96.0.4664.45 (76e4c1bb2ab4671b8beba3444e61c0f17584b2fc-refs/branch-heads/4664@{#947}) on port 63948
Only local connections are allowed.
Please see https://chromedriver.chromium.org/security-considerations for suggestions on keeping ChromeDriver safe.
ChromeDriver was started successfully.
дек. 27, 2021 12:42:26 AM org.openqa.selenium.remote.ProtocolHandshake createSession
INFO: Detected dialect: W3C
дек. 27, 2021 12:42:26 AM org.openqa.selenium.devtools.CdpVersionFinder findNearestMatch
WARNING: Unable to find an exact match for CDP version 96, so returning the closest version found: 95
дек. 27, 2021 12:42:26 AM org.openqa.selenium.devtools.CdpVersionFinder findNearestMatch
INFO: Found CDP implementation for version 96 of 95
]]></system-err>
  </testcase>
  <testcase name="Click" classname="test.AuthorizationTest" time="80.35"/>
</testsuite>